# JRE version: OpenJDK Runtime Environment (11.0.15) (build 11.0.15+0-b2043.56-9505619)
# Java VM: OpenJDK 64-Bit Server VM (11.0.15+0-b2043.56-9505619, mixed mode, tiered, compressed oops, g1 gc, windows-amd64)
Heap:
 garbage-first heap   total 1157120K, used 201859K [0x0000000080000000, 0x0000000100000000)
  region size 1024K, 4 young (4096K), 4 survivors (4096K)
 Metaspace       used 118360K, capacity 121681K, committed 121904K, reserved 1155072K
  class space    used 15073K, capacity 16424K, committed 16512K, reserved 1048576K
GC Heap History (20 events):
Event: 213.813 GC heap after
{Heap after GC invocations=187 (full 0):
 garbage-first heap   total 249856K, used 178272K [0x0000000080000000, 0x0000000100000000)
  region size 1024K, 2 young (2048K), 2 survivors (2048K)
 Metaspace       used 118237K, capacity 121572K, committed 121904K, reserved 1155072K
  class space    used 15062K, capacity 16413K, committed 16512K, reserved 1048576K
}
Event: 215.883 GC heap before
{Heap before GC invocations=187 (full 0):
 garbage-first heap   total 249856K, used 218208K [0x0000000080000000, 0x0000000100000000)
  region size 1024K, 41 young (41984K), 2 survivors (2048K)
 Metaspace       used 118243K, capacity 121575K, committed 121904K, reserved 1155072K
  class space    used 15063K, capacity 16414K, committed 16512K, reserved 1048576K
}
Event: 216.248 GC heap after
{Heap after GC invocations=188 (full 0):
 garbage-first heap   total 249856K, used 177596K [0x0000000080000000, 0x0000000100000000)
  region size 1024K, 1 young (1024K), 1 survivors (1024K)
 Metaspace       used 118243K, capacity 121575K, committed 121904K, reserved 1155072K
  class space    used 15063K, capacity 16414K, committed 16512K, reserved 1048576K
}
Event: 216.904 GC heap before
{Heap before GC invocations=188 (full 0):
 garbage-first heap   total 249856K, used 219580K [0x0000000080000000, 0x0000000100000000)
  region size 1024K, 42 young (43008K), 1 survivors (1024K)
 Metaspace       used 118251K, capacity 121577K, committed 121904K, reserved 1155072K
  class space    used 15063K, capacity 16414K, committed 16512K, reserved 1048576K
}
Event: 216.909 GC heap after
{Heap after GC invocations=189 (full 0):
 garbage-first heap   total 249856K, used 177755K [0x0000000080000000, 0x0000000100000000)
  region size 1024K, 1 young (1024K), 1 survivors (1024K)
 Metaspace       used 118251K, capacity 121577K, committed 121904K, reserved 1155072K
  class space    used 15063K, capacity 16414K, committed 16512K, reserved 1048576K
}
Event: 217.926 GC heap before
{Heap before GC invocations=189 (full 0):
 garbage-first heap   total 249856K, used 220763K [0x0000000080000000, 0x0000000100000000)
  region size 1024K, 42 young (43008K), 1 survivors (1024K)
 Metaspace       used 118253K, capacity 121578K, committed 121904K, reserved 1155072K
  class space    used 15063K, capacity 16414K, committed 16512K, reserved 1048576K
}
Event: 218.585 GC heap after
{Heap after GC invocations=190 (full 0):
 garbage-first heap   total 249856K, used 181608K [0x0000000080000000, 0x0000000100000000)
  region size 1024K, 4 young (4096K), 4 survivors (4096K)
 Metaspace       used 118253K, capacity 121578K, committed 121904K, reserved 1155072K
  class space    used 15063K, capacity 16414K, committed 16512K, reserved 1048576K
}
Event: 218.719 GC heap before
{Heap before GC invocations=190 (full 0):
 garbage-first heap   total 249856K, used 188776K [0x0000000080000000, 0x0000000100000000)
  region size 1024K, 12 young (12288K), 4 survivors (4096K)
 Metaspace       used 118253K, capacity 121578K, committed 121904K, reserved 1155072K
  class space    used 15063K, capacity 16414K, committed 16512K, reserved 1048576K
}
Event: 218.740 GC heap after
{Heap after GC invocations=191 (full 0):
 garbage-first heap   total 249856K, used 182885K [0x0000000080000000, 0x0000000100000000)
  region size 1024K, 2 young (2048K), 2 survivors (2048K)
 Metaspace       used 118253K, capacity 121578K, committed 121904K, reserved 1155072K
  class space    used 15063K, capacity 16414K, committed 16512K, reserved 1048576K
}
Event: 218.937 GC heap before
{Heap before GC invocations=191 (full 0):
 garbage-first heap   total 249856K, used 193125K [0x0000000080000000, 0x0000000100000000)
  region size 1024K, 12 young (12288K), 2 survivors (2048K)
 Metaspace       used 118254K, capacity 121578K, committed 121904K, reserved 1155072K
  class space    used 15063K, capacity 16414K, committed 16512K, reserved 1048576K
}
Event: 219.350 GC heap after
{Heap after GC invocations=192 (full 0):
 garbage-first heap   total 544768K, used 183446K [0x0000000080000000, 0x0000000100000000)
  region size 1024K, 2 young (2048K), 2 survivors (2048K)
 Metaspace       used 118254K, capacity 121578K, committed 121904K, reserved 1155072K
  class space    used 15063K, capacity 16414K, committed 16512K, reserved 1048576K
}
Event: 220.670 GC heap before
{Heap before GC invocations=192 (full 0):
 garbage-first heap   total 544768K, used 206998K [0x0000000080000000, 0x0000000100000000)
  region size 1024K, 26 young (26624K), 2 survivors (2048K)
 Metaspace       used 118266K, capacity 121643K, committed 121904K, reserved 1155072K
  class space    used 15064K, capacity 16414K, committed 16512K, reserved 1048576K
}
Event: 220.874 GC heap after
{Heap after GC invocations=193 (full 0):
 garbage-first heap   total 544768K, used 186387K [0x0000000080000000, 0x0000000100000000)
  region size 1024K, 4 young (4096K), 4 survivors (4096K)
 Metaspace       used 118266K, capacity 121643K, committed 121904K, reserved 1155072K
  class space    used 15064K, capacity 16414K, committed 16512K, reserved 1048576K
}
Event: 221.713 GC heap before
{Heap before GC invocations=193 (full 0):
 garbage-first heap   total 544768K, used 207891K [0x0000000080000000, 0x0000000100000000)
  region size 1024K, 26 young (26624K), 4 survivors (4096K)
 Metaspace       used 118279K, capacity 121652K, committed 121904K, reserved 1155072K
  class space    used 15066K, capacity 16417K, committed 16512K, reserved 1048576K
}
Event: 222.332 GC heap after
{Heap after GC invocations=194 (full 0):
 garbage-first heap   total 544768K, used 189252K [0x0000000080000000, 0x0000000100000000)
  region size 1024K, 4 young (4096K), 4 survivors (4096K)
 Metaspace       used 118279K, capacity 121652K, committed 121904K, reserved 1155072K
  class space    used 15066K, capacity 16417K, committed 16512K, reserved 1048576K
}
Event: 223.108 GC heap before
{Heap before GC invocations=194 (full 0):
 garbage-first heap   total 544768K, used 211780K [0x0000000080000000, 0x0000000100000000)
  region size 1024K, 26 young (26624K), 4 survivors (4096K)
 Metaspace       used 118316K, capacity 121680K, committed 121904K, reserved 1155072K
  class space    used 15070K, capacity 16424K, committed 16512K, reserved 1048576K
}
Event: 223.129 GC heap after
{Heap after GC invocations=195 (full 0):
 garbage-first heap   total 544768K, used 193102K [0x0000000080000000, 0x0000000100000000)
  region size 1024K, 4 young (4096K), 4 survivors (4096K)
 Metaspace       used 118316K, capacity 121680K, committed 121904K, reserved 1155072K
  class space    used 15070K, capacity 16424K, committed 16512K, reserved 1048576K
}
Event: 223.586 GC heap before
{Heap before GC invocations=195 (full 0):
 garbage-first heap   total 544768K, used 215630K [0x0000000080000000, 0x0000000100000000)
  region size 1024K, 26 young (26624K), 4 survivors (4096K)
 Metaspace       used 118335K, capacity 121681K, committed 121904K, reserved 1155072K
  class space    used 15070K, capacity 16424K, committed 16512K, reserved 1048576K
}
Event: 223.763 GC heap after
{Heap after GC invocations=196 (full 0):
 garbage-first heap   total 544768K, used 198026K [0x0000000080000000, 0x0000000100000000)
  region size 1024K, 4 young (4096K), 4 survivors (4096K)
 Metaspace       used 118335K, capacity 121681K, committed 121904K, reserved 1155072K
  class space    used 15070K, capacity 16424K, committed 16512K, reserved 1048576K
}
Event: 224.389 GC heap before
{Heap before GC invocations=196 (full 0):
 garbage-first heap   total 544768K, used 219530K [0x0000000080000000, 0x0000000100000000)
  region size 1024K, 26 young (26624K), 4 survivors (4096K)
 Metaspace       used 118360K, capacity 121681K, committed 121904K, reserved 1155072K
  class space    used 15073K, capacity 16424K, committed 16512K, reserved 1048576K
}

